::::::::::::::
voidstar.out
::::::::::::::
 hello world foo bar baz qux this is a test
 HELLO WORLD FOO BAR BAZ QUX THIS IS A TEST
  6.020e+23  2.870e+02 -4.720e+02  0.000e+00  6.000e-22 1.798e+308
  2.378e+01  2.458e+00        nan       -inf -2.122e+01  3.083e+02
::::::::::::::
voidstar.err
::::::::::::::
==2975== Memcheck, a memory error detector
==2975== Copyright (C) 2002-2010, and GNU GPL'd, by Julian Seward et al.
==2975== Using Valgrind-3.6.0 and LibVEX; rerun with -h for copyright info
==2975== Command: ./voidstar
==2975== 
==2975== 
==2975== HEAP SUMMARY:
==2975==     in use at exit: 0 bytes in 0 blocks
==2975==   total heap usage: 10 allocs, 10 frees, 43 bytes allocated
==2975== 
==2975== All heap blocks were freed -- no leaks are possible
==2975== 
==2975== For counts of detected and suppressed errors, rerun with: -v
==2975== ERROR SUMMARY: 0 errors from 0 contexts (suppressed: 6 from 6)
