100600     32090 Nov 15 11:56 Listing.pdf
100600     24383 Nov 15 11:56 Listing.ps
040700      2048 Feb 22 13:35 RCS
100700       586 Feb 22 13:34 l8stat.perl
100700       146 Feb 22 13:35 mklis
100700     12207 Feb 22 13:34 mkstampfiles
100600      1419 Feb 22 13:34 mkstampfiles.c
100600         0 Feb 22 13:35 output.lis
100700     10649 Feb 22 13:34 showlink
100600      1496 Feb 22 13:34 showlink.c
100700      9450 Feb 22 13:34 sometimes
100600       787 Feb 22 13:34 sometimes.c
120755        11 Feb 22 13:34 this-is-a-symlink -> l8stat.perl
100600        58 Dec 31  1969 timestamp.0000000000000000
100600        58 Aug 12  2011 timestamp.000000004E45D2EA
100600        58 Aug 12  2011 timestamp.000000004E45D323
100600        58 Feb 28  2012 timestamp.000000004F4D7EEA
100600        58 Feb 28  2012 timestamp.000000004F4D7F23
100600        58 Apr 28  2012 timestamp.000000004F9CCD6A
100600        58 Apr 28  2012 timestamp.000000004F9CCD82
100600        58 Sep 15 18:27 timestamp.0000000050552AEA
100600        58 Sep 15 18:28 timestamp.0000000050552B23
100600        58 Nov 14 21:11 timestamp.0000000050A4796A
100600        58 Nov 14 21:11 timestamp.0000000050A47982
100600        58 Jun  2 22:11 timestamp.0000000051AC256A
100600        58 Jun  2 22:11 timestamp.0000000051AC2582
100600        58 Jan 18  2038 timestamp.000000007FFFFFFF
100600         0 Nov 14 21:11 timestamp.7FFFFFFFFFFFFFFF
100600        58 Dec 13  1901 timestamp.FFFFFFFF80000000
040700      4096 Feb 22 13:35 .
040700      2048 Feb 22 13:34 ..
040700      2048 Feb 22 13:30 ../..
